#
# A fatal error has been detected by the Java Runtime Environment:
#
#  EXCEPTION_ACCESS_VIOLATION (0xc0000005) at pc=0x0000000072bfb4a0, pid=9096, tid=0x0000000000000464
#
# JRE version: OpenJDK Runtime Environment (8.0_212-b04) (build 1.8.0_212-release-1586-b04)
# Java VM: OpenJDK 64-Bit Server VM (25.212-b04 mixed mode windows-amd64 compressed oops)
# Problematic frame:
# V  [jvm.dll+0x8b4a0]
#
# Failed to write core dump. Minidumps are not enabled by default on client versions of Windows
#
# If you would like to submit a bug report, please visit:
#   
#

---------------  T H R E A D  ---------------

Current thread (0x0000000002f68800):  GCTaskThread [stack: 0x0000000012a20000,0x0000000012b20000] [id=1124]

siginfo: ExceptionCode=0xc0000005, reading address 0x0000000108000200

Registers:
RAX=0x0000000000000001, RBX=0x00000000eb5bd078, RCX=0x00000000eb5bd078, RDX=0x00000001080001f8
RSP=0x0000000012b1f618, RBP=0x0000000012410f01, RSI=0x0000000016984200, RDI=0x00000000a01d26e8
R8 =0x0000000016984200, R9 =0x0000000000000007, R10=0x0000000000000008, R11=0x00000000eeacc000
R12=0x0000000012410e81, R13=0x0000000000000019, R14=0x0000000000000000, R15=0x0000000002f622c0
RIP=0x0000000072bfb4a0, EFLAGS=0x0000000000010202

Top of Stack: (sp=0x0000000012b1f618)
0x0000000012b1f618:   0000000072f3eb82 00000000eb5bd060
0x0000000012b1f628:   0000000000000003 0000000016984200
0x0000000012b1f638:   00000000ed532a6d 00000000eeac4010
0x0000000012b1f648:   0000000072f3f2cb 0000000016984200
0x0000000012b1f658:   0000000072c5df83 0000000000000000
0x0000000012b1f668:   0000000016984200 0000000012410e81
0x0000000012b1f678:   0000000072f3eef0 00000000eeac8f44
0x0000000012b1f688:   0000000012410f01 0000000016984200
0x0000000012b1f698:   00000000a01d26e8 00000000eeac8f44
0x0000000012b1f6a8:   0000000072f3fa95 00000000eb59a690
0x0000000012b1f6b8:   0000000012410f01 0000000016984200
0x0000000012b1f6c8:   0000000000000003 0000000016984200
0x0000000012b1f6d8:   0000000002f5dc00 00000000a009b684
0x0000000012b1f6e8:   0000000072c5f8a7 0000000016984200
0x0000000012b1f6f8:   0000000072c5df83 00000000a00dcb29
0x0000000012b1f708:   00000000a00dcb29 00000000a01d22cc 

Instructions: (pc=0x0000000072bfb4a0)
0x0000000072bfb480:   1c 60 1d 00 48 8b 9c 24 c0 00 00 00 48 81 c4 b0
0x0000000072bfb490:   00 00 00 5d c3 cc cc cc cc cc cc cc cc cc cc cc
0x0000000072bfb4a0:   44 8b 42 08 4c 8b ca 45 85 c0 7e 0e 41 f6 c0 01
0x0000000072bfb4b0:   75 57 41 c1 f8 03 41 8b c0 c3 79 4d 80 3d ae 49 


Register to memory mapping:

RAX=0x0000000000000001 is an unknown value
RBX=0x00000000eb5bd078 is an oop

[error occurred during error reporting (printing register info), id 0xc0000005]

Stack: [0x0000000012a20000,0x0000000012b20000],  sp=0x0000000012b1f618,  free space=1021k
Native frames: (J=compiled Java code, j=interpreted, Vv=VM code, C=native code)
V  [jvm.dll+0x8b4a0]


---------------  P R O C E S S  ---------------

Java Threads: ( => current thread )
  0x0000000017edb800 JavaThread "ForkJoinPool-4-worker-0" daemon [_thread_blocked, id=8028, stack(0x0000000028440000,0x0000000028540000)]
  0x0000000017ede000 JavaThread "ForkJoinPool-4-worker-3" daemon [_thread_blocked, id=6460, stack(0x0000000028140000,0x0000000028240000)]
  0x0000000017edd000 JavaThread "ForkJoinPool-4-worker-2" daemon [_thread_blocked, id=7488, stack(0x0000000025e60000,0x0000000025f60000)]
  0x0000000017edb000 JavaThread "ForkJoinPool-4-worker-1" daemon [_thread_blocked, id=6548, stack(0x0000000024290000,0x0000000024390000)]
  0x0000000019cec800 JavaThread "WorkerExecutor Queue Thread 4" [_thread_blocked, id=7648, stack(0x0000000024190000,0x0000000024290000)]
  0x0000000019ceb800 JavaThread "WorkerExecutor Queue Thread 3" [_thread_blocked, id=2992, stack(0x0000000027130000,0x0000000027230000)]
  0x0000000019ce9000 JavaThread "WorkerExecutor Queue Thread 2" [_thread_blocked, id=6740, stack(0x0000000025f90000,0x0000000026090000)]
  0x000000001e2c2000 JavaThread "WorkerExecutor Queue" [_thread_blocked, id=8612, stack(0x0000000024990000,0x0000000024a90000)]
  0x000000001e2c8000 JavaThread "Cache worker for Java compile cache (E:\AS Projects\coding2_survey\.gradle\5.6.4\javaCompile)" [_thread_blocked, id=1432, stack(0x0000000024590000,0x0000000024690000)]
  0x000000001e2c3800 JavaThread "Cache worker for execution history cache (E:\AS Projects\coding2_survey\.gradle\5.6.4\executionHistory)" [_thread_blocked, id=11336, stack(0x0000000024090000,0x0000000024190000)]
  0x000000001e2c3000 JavaThread "Execution worker for ':' Thread 3" [_thread_blocked, id=10532, stack(0x0000000023f90000,0x0000000024090000)]
  0x000000001e2c5000 JavaThread "Execution worker for ':' Thread 2" [_thread_blocked, id=3232, stack(0x0000000023c90000,0x0000000023d90000)]
  0x000000001e2c1800 JavaThread "Execution worker for ':'" [_thread_blocked, id=9944, stack(0x0000000023990000,0x0000000023a90000)]
  0x000000001e2c7800 JavaThread "Cache worker for file content cache (E:\AS Projects\coding2_survey\.gradle\5.6.4\fileContent)" [_thread_blocked, id=10308, stack(0x0000000023060000,0x0000000023160000)]
  0x000000001c635800 JavaThread "Cache worker for Build Output Cleanup Cache (E:\AS Projects\coding2_survey\.gradle\buildOutputCleanup)" [_thread_blocked, id=5172, stack(0x0000000021ec0000,0x0000000021fc0000)]
  0x000000001c634000 JavaThread "Build operations Thread 4" [_thread_blocked, id=11672, stack(0x0000000021dc0000,0x0000000021ec0000)]
  0x000000001c635000 JavaThread "Build operations Thread 3" [_thread_blocked, id=9892, stack(0x0000000021a20000,0x0000000021b20000)]
  0x000000001c633800 JavaThread "Build operations Thread 2" [_thread_blocked, id=1624, stack(0x0000000021920000,0x0000000021a20000)]
  0x000000001c638800 JavaThread "Build operations" [_thread_blocked, id=1644, stack(0x0000000021820000,0x0000000021920000)]
  0x000000001c638000 JavaThread "Cache worker for cache directory md-rule (C:\Users\bless\.gradle\caches\5.6.4\md-rule)" [_thread_blocked, id=5432, stack(0x000000001eb70000,0x000000001ec70000)]
  0x000000001c636800 JavaThread "Cache worker for cache directory md-supplier (C:\Users\bless\.gradle\caches\5.6.4\md-supplier)" [_thread_blocked, id=3324, stack(0x000000001ea70000,0x000000001eb70000)]
  0x000000001c632800 JavaThread "Cache worker for file hash cache (E:\AS Projects\coding2_survey\.gradle\5.6.4\fileHashes)" [_thread_blocked, id=7764, stack(0x000000001e970000,0x000000001ea70000)]
  0x000000001c637000 JavaThread "Thread-42" [_thread_blocked, id=6424, stack(0x000000001e870000,0x000000001e970000)]
  0x000000001c62a800 JavaThread "Stdin handler" [_thread_blocked, id=2836, stack(0x000000001bdd0000,0x000000001bed0000)]
  0x000000001c629800 JavaThread "Asynchronous log dispatcher for DefaultDaemonConnection: socket connection from /127.0.0.1:50259 to /127.0.0.1:50299" [_thread_blocked, id=3216, stack(0x000000001bad0000,0x000000001bbd0000)]
  0x000000001c62f000 JavaThread "Daemon worker Thread 2" [_thread_blocked, id=1728, stack(0x000000001b5d0000,0x000000001b6d0000)]
  0x000000001c62e000 JavaThread "Cancel handler" [_thread_blocked, id=3972, stack(0x0000000001140000,0x0000000001240000)]
  0x000000001c62d800 JavaThread "Handler for socket connection from /127.0.0.1:50259 to /127.0.0.1:50299" [_thread_in_native, id=11032, stack(0x0000000001040000,0x0000000001140000)]
  0x000000001c62c000 JavaThread "Daemon Thread 2" [_thread_blocked, id=11740, stack(0x0000000000f40000,0x0000000001040000)]
  0x000000001e2c6000 JavaThread "Cache worker for Java compile cache (C:\Users\bless\.gradle\caches\5.6.4\javaCompile)" [_thread_blocked, id=10912, stack(0x0000000024890000,0x0000000024990000)]
  0x000000001c631000 JavaThread "Cache worker for file content cache (C:\Users\bless\.gradle\caches\5.6.4\fileContent)" [_thread_blocked, id=8560, stack(0x0000000022f60000,0x0000000023060000)]
  0x000000001c630800 JavaThread "Memory manager" [_thread_blocked, id=5192, stack(0x00000000223c0000,0x00000000224c0000)]
  0x000000001c62b000 JavaThread "Cache worker for execution history cache (C:\Users\bless\.gradle\caches\5.6.4\executionHistory)" [_thread_blocked, id=6412, stack(0x0000000020750000,0x0000000020850000)]
  0x0000000019cf0000 JavaThread "Cache worker for journal cache (C:\Users\bless\.gradle\caches\journal-1)" [_thread_blocked, id=7684, stack(0x000000001c2d0000,0x000000001c3d0000)]
  0x0000000019cee000 JavaThread "File lock request listener" [_thread_in_native, id=2032, stack(0x000000001c1d0000,0x000000001c2d0000)]
  0x000000001896e800 JavaThread "Cache worker for file hash cache (C:\Users\bless\.gradle\caches\5.6.4\fileHashes)" [_thread_blocked, id=9400, stack(0x000000001c0d0000,0x000000001c1d0000)]
  0x000000001a1d2000 JavaThread "Daemon periodic checks" [_thread_blocked, id=6964, stack(0x000000001b4d0000,0x000000001b5d0000)]
  0x000000001a1d1000 JavaThread "Incoming local TCP Connector on port 50259" [_thread_in_native, id=1876, stack(0x000000001b320000,0x000000001b420000)]
  0x000000001801d800 JavaThread "Daemon health stats" [_thread_blocked, id=11884, stack(0x000000001b020000,0x000000001b120000)]
  0x0000000016a1e800 JavaThread "Service Thread" daemon [_thread_blocked, id=1880, stack(0x0000000018680000,0x0000000018780000)]
  0x0000000016a1a800 JavaThread "C1 CompilerThread2" daemon [_thread_blocked, id=8236, stack(0x0000000018580000,0x0000000018680000)]
  0x00000000169ce000 JavaThread "C2 CompilerThread1" daemon [_thread_in_native, id=5236, stack(0x0000000018480000,0x0000000018580000)]
  0x00000000169c8800 JavaThread "C2 CompilerThread0" daemon [_thread_blocked, id=8620, stack(0x0000000018380000,0x0000000018480000)]
  0x00000000169b6000 JavaThread "Attach Listener" daemon [_thread_blocked, id=10860, stack(0x0000000018280000,0x0000000018380000)]
  0x0000000017d90800 JavaThread "Signal Dispatcher" daemon [_thread_blocked, id=2188, stack(0x0000000018180000,0x0000000018280000)]
  0x0000000003049800 JavaThread "Finalizer" daemon [_thread_blocked, id=1764, stack(0x0000000017c20000,0x0000000017d20000)]
  0x0000000003041000 JavaThread "Reference Handler" daemon [_thread_blocked, id=3808, stack(0x0000000017b20000,0x0000000017c20000)]
  0x000000000129d800 JavaThread "main" [_thread_blocked, id=6012, stack(0x0000000002e50000,0x0000000002f50000)]

Other Threads:
  0x0000000016986000 VMThread [stack: 0x0000000017a20000,0x0000000017b20000] [id=11168]
  0x0000000017e0d000 WatcherThread [stack: 0x0000000018780000,0x0000000018880000] [id=1700]

=>0x0000000002f68800 (exited) GCTaskThread [stack: 0x0000000012a20000,0x0000000012b20000] [id=1124]

VM state:at safepoint (normal execution)

VM Mutex/Monitor currently owned by a thread:  ([mutex/lock_event])
[0x000000000129cac0] Threads_lock - owner thread: 0x0000000016986000
[0x000000000129c8c0] Heap_lock - owner thread: 0x0000000017edb800

heap address: 0x00000000a0000000, size: 1536 MB, Compressed Oops mode: 32-bit
Narrow klass base: 0x0000000000000000, Narrow klass shift: 3
Compressed class space size: 1073741824 Address: 0x0000000100000000

Heap:
 PSYoungGen      total 205312K, used 202808K [0x00000000e0000000, 0x00000000f0080000, 0x0000000100000000)
  eden space 182784K, 100% used [0x00000000e0000000,0x00000000eb280000,0x00000000eb280000)
  from space 22528K, 88% used [0x00000000eb280000,0x00000000ec60e140,0x00000000ec880000)
  to   space 24576K, 99% used [0x00000000ee880000,0x00000000f0079f88,0x00000000f0080000)
 ParOldGen       total 138752K, used 49056K [0x00000000a0000000, 0x00000000a8780000, 0x00000000e0000000)
  object space 138752K, 35% used [0x00000000a0000000,0x00000000a2fea148,0x00000000a8780000)
 Metaspace       used 86311K, capacity 89978K, committed 90072K, reserved 1126400K
  class space    used 11431K, capacity 12156K, committed 12248K, reserved 1048576K

Card table byte_map: [0x0000000012410000,0x0000000012720000] byte_map_base: 0x0000000011f10000

Marking Bits: (ParMarkBitMap*) 0x0000000073339f30
 Begin Bits: [0x0000000012d20000, 0x0000000014520000)
 End Bits:   [0x0000000014520000, 0x0000000015d20000)

Polling page: 0x0000000001280000

CodeCache: size=245760Kb used=37543Kb max_used=37590Kb free=208217Kb
 bounds [0x0000000003050000, 0x0000000005540000, 0x0000000012050000]
 total_blobs=12905 nmethods=12034 adapters=782
 compilation: enabled

Compilation events (10 events):
Event: 133.954 Thread 0x0000000016a1a800 14131       2       com.android.tools.r8.code.W0::<init> (7 bytes)
Event: 133.954 Thread 0x0000000016a1a800 nmethod 14131 0x0000000003a038d0 code [0x0000000003a03a40, 0x0000000003a03c68]
Event: 133.961 Thread 0x0000000016a1a800 14132       2       com.android.tools.r8.code.T1::<init> (7 bytes)
Event: 133.961 Thread 0x0000000016a1a800 nmethod 14132 0x00000000039f7590 code [0x00000000039f76e0, 0x00000000039f7870]
Event: 133.962 Thread 0x0000000016a1a800 14133       2       com.android.tools.r8.graph.E$a::<init> (24 bytes)
Event: 133.962 Thread 0x0000000016a1a800 nmethod 14133 0x0000000004db9b50 code [0x0000000004db9ca0, 0x0000000004db9df0]
Event: 133.971 Thread 0x0000000016a1a800 14134       2       com.android.tools.r8.code.a3::<init> (13 bytes)
Event: 133.971 Thread 0x0000000016a1a800 nmethod 14134 0x00000000039f6e90 code [0x00000000039f7000, 0x00000000039f7268]
Event: 133.977 Thread 0x0000000016a1a800 14135       2       com.android.tools.r8.graph.O0.a::a (429 bytes)
Event: 133.978 Thread 0x0000000016a1a800 nmethod 14135 0x0000000003d06050 code [0x0000000003d06340, 0x0000000003d06e88]

GC Heap History (10 events):
Event: 7.554 GC heap after
Heap after GC invocations=14 (full 2):
 PSYoungGen      total 176128K, used 10851K [0x00000000e0000000, 0x00000000ec500000, 0x0000000100000000)
  eden space 160256K, 0% used [0x00000000e0000000,0x00000000e0000000,0x00000000e9c80000)
  from space 15872K, 68% used [0x00000000eac00000,0x00000000eb698eb8,0x00000000ebb80000)
  to   space 15872K, 0% used [0x00000000e9c80000,0x00000000e9c80000,0x00000000eac00000)
 ParOldGen       total 93696K, used 25172K [0x00000000a0000000, 0x00000000a5b80000, 0x00000000e0000000)
  object space 93696K, 26% used [0x00000000a0000000,0x00000000a18951f0,0x00000000a5b80000)
 Metaspace       used 57116K, capacity 59054K, committed 59096K, reserved 1099776K
  class space    used 7920K, capacity 8368K, committed 8408K, reserved 1048576K
}
Event: 7.554 GC heap before
{Heap before GC invocations=15 (full 3):
 PSYoungGen      total 176128K, used 10851K [0x00000000e0000000, 0x00000000ec500000, 0x0000000100000000)
  eden space 160256K, 0% used [0x00000000e0000000,0x00000000e0000000,0x00000000e9c80000)
  from space 15872K, 68% used [0x00000000eac00000,0x00000000eb698eb8,0x00000000ebb80000)
  to   space 15872K, 0% used [0x00000000e9c80000,0x00000000e9c80000,0x00000000eac00000)
 ParOldGen       total 93696K, used 25172K [0x00000000a0000000, 0x00000000a5b80000, 0x00000000e0000000)
  object space 93696K, 26% used [0x00000000a0000000,0x00000000a18951f0,0x00000000a5b80000)
 Metaspace       used 57116K, capacity 59054K, committed 59096K, reserved 1099776K
  class space    used 7920K, capacity 8368K, committed 8408K, reserved 1048576K
Event: 7.782 GC heap after
Heap after GC invocations=15 (full 3):
 PSYoungGen      total 176128K, used 0K [0x00000000e0000000, 0x00000000ec500000, 0x0000000100000000)
  eden space 160256K, 0% used [0x00000000e0000000,0x00000000e0000000,0x00000000e9c80000)
  from space 15872K, 0% used [0x00000000eac00000,0x00000000eac00000,0x00000000ebb80000)
  to   space 15872K, 0% used [0x00000000e9c80000,0x00000000e9c80000,0x00000000eac00000)
 ParOldGen       total 138752K, used 30951K [0x00000000a0000000, 0x00000000a8780000, 0x00000000e0000000)
  object space 138752K, 22% used [0x00000000a0000000,0x00000000a1e39f00,0x00000000a8780000)
 Metaspace       used 57031K, capacity 58828K, committed 59096K, reserved 1099776K
  class space    used 7892K, capacity 8317K, committed 8408K, reserved 1048576K
}
Event: 9.671 GC heap before
{Heap before GC invocations=16 (full 3):
 PSYoungGen      total 176128K, used 160256K [0x00000000e0000000, 0x00000000ec500000, 0x0000000100000000)
  eden space 160256K, 100% used [0x00000000e0000000,0x00000000e9c80000,0x00000000e9c80000)
  from space 15872K, 0% used [0x00000000eac00000,0x00000000eac00000,0x00000000ebb80000)
  to   space 15872K, 0% used [0x00000000e9c80000,0x00000000e9c80000,0x00000000eac00000)
 ParOldGen       total 138752K, used 30951K [0x00000000a0000000, 0x00000000a8780000, 0x00000000e0000000)
  object space 138752K, 22% used [0x00000000a0000000,0x00000000a1e39f00,0x00000000a8780000)
 Metaspace       used 62117K, capacity 64294K, committed 64344K, reserved 1103872K
  class space    used 8543K, capacity 9042K, committed 9048K, reserved 1048576K
Event: 9.683 GC heap after
Heap after GC invocations=16 (full 3):
 PSYoungGen      total 176128K, used 11433K [0x00000000e0000000, 0x00000000ed880000, 0x0000000100000000)
  eden space 160256K, 0% used [0x00000000e0000000,0x00000000e0000000,0x00000000e9c80000)
  from space 15872K, 72% used [0x00000000e9c80000,0x00000000ea7aa720,0x00000000eac00000)
  to   space 16384K, 0% used [0x00000000ec880000,0x00000000ec880000,0x00000000ed880000)
 ParOldGen       total 138752K, used 30959K [0x00000000a0000000, 0x00000000a8780000, 0x00000000e0000000)
  object space 138752K, 22% used [0x00000000a0000000,0x00000000a1e3bf00,0x00000000a8780000)
 Metaspace       used 62117K, capacity 64294K, committed 64344K, reserved 1103872K
  class space    used 8543K, capacity 9042K, committed 9048K, reserved 1048576K
}
Event: 12.206 GC heap before
{Heap before GC invocations=17 (full 3):
 PSYoungGen      total 176128K, used 171689K [0x00000000e0000000, 0x00000000ed880000, 0x0000000100000000)
  eden space 160256K, 100% used [0x00000000e0000000,0x00000000e9c80000,0x00000000e9c80000)
  from space 15872K, 72% used [0x00000000e9c80000,0x00000000ea7aa720,0x00000000eac00000)
  to   space 16384K, 0% used [0x00000000ec880000,0x00000000ec880000,0x00000000ed880000)
 ParOldGen       total 138752K, used 30959K [0x00000000a0000000, 0x00000000a8780000, 0x00000000e0000000)
  object space 138752K, 22% used [0x00000000a0000000,0x00000000a1e3bf00,0x00000000a8780000)
 Metaspace       used 75696K, capacity 78468K, committed 78808K, reserved 1118208K
  class space    used 10269K, capacity 10851K, committed 10968K, reserved 1048576K
Event: 12.245 GC heap after
Heap after GC invocations=17 (full 3):
 PSYoungGen      total 199168K, used 16371K [0x00000000e0000000, 0x00000000ee400000, 0x0000000100000000)
  eden space 182784K, 0% used [0x00000000e0000000,0x00000000e0000000,0x00000000eb280000)
  from space 16384K, 99% used [0x00000000ec880000,0x00000000ed87cf00,0x00000000ed880000)
  to   space 22528K, 0% used [0x00000000eb280000,0x00000000eb280000,0x00000000ec880000)
 ParOldGen       total 138752K, used 42424K [0x00000000a0000000, 0x00000000a8780000, 0x00000000e0000000)
  object space 138752K, 30% used [0x00000000a0000000,0x00000000a296e2c0,0x00000000a8780000)
 Metaspace       used 75696K, capacity 78468K, committed 78808K, reserved 1118208K
  class space    used 10269K, capacity 10851K, committed 10968K, reserved 1048576K
}
Event: 14.159 GC heap before
{Heap before GC invocations=18 (full 3):
 PSYoungGen      total 199168K, used 199155K [0x00000000e0000000, 0x00000000ee400000, 0x0000000100000000)
  eden space 182784K, 100% used [0x00000000e0000000,0x00000000eb280000,0x00000000eb280000)
  from space 16384K, 99% used [0x00000000ec880000,0x00000000ed87cf00,0x00000000ed880000)
  to   space 22528K, 0% used [0x00000000eb280000,0x00000000eb280000,0x00000000ec880000)
 ParOldGen       total 138752K, used 42424K [0x00000000a0000000, 0x00000000a8780000, 0x00000000e0000000)
  object space 138752K, 30% used [0x00000000a0000000,0x00000000a296e2c0,0x00000000a8780000)
 Metaspace       used 81746K, capacity 85218K, committed 85336K, reserved 1122304K
  class space    used 11132K, capacity 11798K, committed 11864K, reserved 1048576K
Event: 14.183 GC heap after
Heap after GC invocations=18 (full 3):
 PSYoungGen      total 205312K, used 20024K [0x00000000e0000000, 0x00000000f0080000, 0x0000000100000000)
  eden space 182784K, 0% used [0x00000000e0000000,0x00000000e0000000,0x00000000eb280000)
  from space 22528K, 88% used [0x00000000eb280000,0x00000000ec60e140,0x00000000ec880000)
  to   space 24576K, 0% used [0x00000000ee880000,0x00000000ee880000,0x00000000f0080000)
 ParOldGen       total 138752K, used 42432K [0x00000000a0000000, 0x00000000a8780000, 0x00000000e0000000)
  object space 138752K, 30% used [0x00000000a0000000,0x00000000a29702c0,0x00000000a8780000)
 Metaspace       used 81746K, capacity 85218K, committed 85336K, reserved 1122304K
  class space    used 11132K, capacity 11798K, committed 11864K, reserved 1048576K
}
Event: 133.981 GC heap before
{Heap before GC invocations=19 (full 3):
 PSYoungGen      total 205312K, used 202808K [0x00000000e0000000, 0x00000000f0080000, 0x0000000100000000)
  eden space 182784K, 100% used [0x00000000e0000000,0x00000000eb280000,0x00000000eb280000)
  from space 22528K, 88% used [0x00000000eb280000,0x00000000ec60e140,0x00000000ec880000)
  to   space 24576K, 0% used [0x00000000ee880000,0x00000000ee880000,0x00000000f0080000)
 ParOldGen       total 138752K, used 42432K [0x00000000a0000000, 0x00000000a8780000, 0x00000000e0000000)
  object space 138752K, 30% used [0x00000000a0000000,0x00000000a29702c0,0x00000000a8780000)
 Metaspace       used 86311K, capacity 89978K, committed 90072K, reserved 1126400K
  class space    used 11431K, capacity 12156K, committed 12248K, reserved 1048576K

Deoptimization events (10 events):
Event: 133.049 Thread 0x000000001e2c5000 Uncommon trap: reason=unstable_if action=reinterpret pc=0x0000000004486be0 method=java.util.concurrent.ConcurrentLinkedQueue.updateHead(Ljava/util/concurrent/ConcurrentLinkedQueue$Node;Ljava/util/concurrent/ConcurrentLinkedQueue$Node;)V @ 11
Event: 133.054 Thread 0x000000001e2c3000 Uncommon trap: reason=unstable_if action=reinterpret pc=0x0000000004153e40 method=java.util.concurrent.ConcurrentLinkedQueue.poll()Ljava/lang/Object; @ 25
Event: 133.255 Thread 0x000000001e2c5000 Uncommon trap: reason=unstable_if action=reinterpret pc=0x0000000004de5d5c method=java.lang.StrictMath.floorOrCeil(DDDD)D @ 8
Event: 133.317 Thread 0x000000001e2c5000 Uncommon trap: reason=unstable_if action=reinterpret pc=0x0000000003ca5b44 method=java.lang.StringCoding$StringDecoder.decode([BII)[C @ 20
Event: 133.447 Thread 0x000000001e2c5000 Uncommon trap: reason=class_check action=maybe_recompile pc=0x000000000495e484 method=com.sun.tools.javac.code.Types$18.visitClassType(Lcom/sun/tools/javac/code/Type$ClassType;Ljava/lang/Void;)Lcom/sun/tools/javac/code/Type; @ 19
Event: 133.447 Thread 0x000000001e2c5000 Uncommon trap: reason=class_check action=maybe_recompile pc=0x00000000049640cc method=com.sun.tools.javac.code.Types$19.visitClassType(Lcom/sun/tools/javac/code/Type$ClassType;Ljava/lang/Void;)Lcom/sun/tools/javac/util/List; @ 46
Event: 133.487 Thread 0x000000001e2c5000 Uncommon trap: reason=class_check action=maybe_recompile pc=0x000000000495cbe0 method=com.sun.tools.javac.code.Types$18.visitClassType(Lcom/sun/tools/javac/code/Type$ClassType;Ljava/lang/Void;)Lcom/sun/tools/javac/code/Type; @ 19
Event: 133.550 Thread 0x000000001e2c5000 Uncommon trap: reason=unstable_if action=reinterpret pc=0x0000000004a05c00 method=com.sun.tools.javac.code.Types.covariantReturnType(Lcom/sun/tools/javac/code/Type;Lcom/sun/tools/javac/code/Type;Lcom/sun/tools/javac/util/Warner;)Z @ 6
Event: 133.694 Thread 0x000000001c62f000 Uncommon trap: reason=predicate action=maybe_recompile pc=0x0000000003938254 method=java.util.ComparableTimSort.binarySort([Ljava/lang/Object;III)V @ 37
Event: 133.694 Thread 0x000000001c62f000 Uncommon trap: reason=predicate action=maybe_recompile pc=0x00000000052e5444 method=java.util.TimSort.reverseRange([Ljava/lang/Object;II)V @ 8

Classes redefined (0 events):
No events

Internal exceptions (10 events):
Event: 14.264 Thread 0x000000001a2ac800 Exception <a 'sun/nio/fs/WindowsException'> (0x00000000e07bdef0) thrown at [D:\src\AOSP-openjdk-cygwin\jdk8u\hotspot\src\share\vm\prims\jni.cpp, line 710]
Event: 14.382 Thread 0x0000000017e8f800 Exception <a 'java/lang/NoSuchMethodError': <clinit>> (0x00000000e16757d0) thrown at [D:\src\AOSP-openjdk-cygwin\jdk8u\hotspot\src\share\vm\prims\jni.cpp, line 1614]
Event: 14.383 Thread 0x0000000017e8f800 Exception <a 'java/lang/NoSuchMethodError': <clinit>> (0x00000000e1680f68) thrown at [D:\src\AOSP-openjdk-cygwin\jdk8u\hotspot\src\share\vm\prims\jni.cpp, line 1614]
Event: 14.390 Thread 0x0000000017e8f800 Exception <a 'java/lang/NoSuchMethodError': <clinit>> (0x00000000e168b7b0) thrown at [D:\src\AOSP-openjdk-cygwin\jdk8u\hotspot\src\share\vm\prims\jni.cpp, line 1614]
Event: 14.415 Thread 0x0000000017e8f800 Exception <a 'java/lang/NoSuchMethodError': <clinit>> (0x00000000e16a57c0) thrown at [D:\src\AOSP-openjdk-cygwin\jdk8u\hotspot\src\share\vm\prims\jni.cpp, line 1614]
Event: 14.416 Thread 0x0000000017e8f800 Exception <a 'java/lang/NoSuchMethodError': <clinit>> (0x00000000e16b63e0) thrown at [D:\src\AOSP-openjdk-cygwin\jdk8u\hotspot\src\share\vm\prims\jni.cpp, line 1614]
Event: 133.706 Thread 0x000000001e2c2000 Exception <a 'sun/nio/fs/WindowsException'> (0x00000000e843e888) thrown at [D:\src\AOSP-openjdk-cygwin\jdk8u\hotspot\src\share\vm\prims\jni.cpp, line 710]
Event: 133.726 Thread 0x000000001e2c2000 Exception <a 'sun/nio/fs/WindowsException'> (0x00000000e8529158) thrown at [D:\src\AOSP-openjdk-cygwin\jdk8u\hotspot\src\share\vm\prims\jni.cpp, line 710]
Event: 133.733 Thread 0x000000001e2c2000 Exception <a 'sun/nio/fs/WindowsException'> (0x00000000e8531938) thrown at [D:\src\AOSP-openjdk-cygwin\jdk8u\hotspot\src\share\vm\prims\jni.cpp, line 710]
Event: 133.830 Thread 0x0000000019ceb800 Exception <a 'sun/nio/fs/WindowsException'> (0x00000000e8e19b80) thrown at [D:\src\AOSP-openjdk-cygwin\jdk8u\hotspot\src\share\vm\prims\jni.cpp, line 710]

Events (10 events):
Event: 133.965 Thread 0x0000000017ede000 DEOPT UNPACKING pc=0x00000000030975d0 sp=0x000000002823eba0 mode 0
Event: 133.969 Thread 0x0000000017ede000 DEOPT PACKING pc=0x0000000003c18241 sp=0x000000002823ed10
Event: 133.969 Thread 0x0000000017ede000 DEOPT UNPACKING pc=0x00000000030975d0 sp=0x000000002823eba0 mode 0
Event: 133.972 Thread 0x0000000017ede000 DEOPT PACKING pc=0x0000000003c18241 sp=0x000000002823ed00
Event: 133.972 Thread 0x0000000017ede000 DEOPT UNPACKING pc=0x00000000030975d0 sp=0x000000002823eb90 mode 0
Event: 133.973 Thread 0x0000000017ede000 DEOPT PACKING pc=0x0000000003c18241 sp=0x000000002823ed10
Event: 133.973 Thread 0x0000000017ede000 DEOPT UNPACKING pc=0x00000000030975d0 sp=0x000000002823eba0 mode 0
Event: 133.978 Executing VM operation: RevokeBias
Event: 133.979 Executing VM operation: RevokeBias done
Event: 133.980 Executing VM operation: ParallelGCFailedAllocation


Dynamic libraries:
0x00007ff6dcab0000 - 0x00007ff6dcae1000 	E:\Android Studio\jre\bin\java.exe
0x00007ffbe4340000 - 0x00007ffbe4530000 	C:\WINDOWS\SYSTEM32\ntdll.dll
0x00007ffbe2970000 - 0x00007ffbe2a22000 	C:\WINDOWS\System32\KERNEL32.DLL
0x00007ffbe2110000 - 0x00007ffbe23b3000 	C:\WINDOWS\System32\KERNELBASE.dll
0x00007ffbe2bd0000 - 0x00007ffbe2c73000 	C:\WINDOWS\System32\ADVAPI32.dll
0x00007ffbe4250000 - 0x00007ffbe42ee000 	C:\WINDOWS\System32\msvcrt.dll
0x00007ffbe28d0000 - 0x00007ffbe2967000 	C:\WINDOWS\System32\sechost.dll
0x00007ffbe2540000 - 0x00007ffbe2660000 	C:\WINDOWS\System32\RPCRT4.dll
0x00007ffbe2660000 - 0x00007ffbe27f4000 	C:\WINDOWS\System32\USER32.dll
0x00007ffbe1350000 - 0x00007ffbe1371000 	C:\WINDOWS\System32\win32u.dll
0x00007ffbe3b00000 - 0x00007ffbe3b26000 	C:\WINDOWS\System32\GDI32.dll
0x00007ffbe1480000 - 0x00007ffbe1614000 	C:\WINDOWS\System32\gdi32full.dll
0x00007ffbe1e70000 - 0x00007ffbe1f0e000 	C:\WINDOWS\System32\msvcp_win.dll
0x00007ffbe1380000 - 0x00007ffbe147a000 	C:\WINDOWS\System32\ucrtbase.dll
0x00007ffbe07a0000 - 0x00007ffbe0a25000 	C:\WINDOWS\WinSxS\amd64_microsoft.windows.common-controls_6595b64144ccf1df_6.0.18362.657_none_e6c5b579130e3898\COMCTL32.dll
0x00007ffbe37c0000 - 0x00007ffbe3af6000 	C:\WINDOWS\System32\combase.dll
0x00007ffbe1da0000 - 0x00007ffbe1e20000 	C:\WINDOWS\System32\bcryptPrimitives.dll
0x00007ffbe2a60000 - 0x00007ffbe2a8e000 	C:\WINDOWS\System32\IMM32.DLL
0x00000000729b0000 - 0x0000000072a82000 	E:\Android Studio\jre\jre\bin\msvcr100.dll
0x0000000072b70000 - 0x00000000733b6000 	E:\Android Studio\jre\jre\bin\server\jvm.dll
0x00007ffbe3750000 - 0x00007ffbe3758000 	C:\WINDOWS\System32\PSAPI.DLL
0x00007ffbdb070000 - 0x00007ffbdb094000 	C:\WINDOWS\SYSTEM32\WINMM.dll
0x00007ffbdf220000 - 0x00007ffbdf22a000 	C:\WINDOWS\SYSTEM32\VERSION.dll
0x00007ffbc6410000 - 0x00007ffbc6419000 	C:\WINDOWS\SYSTEM32\WSOCK32.dll
0x00007ffbe3b90000 - 0x00007ffbe3bff000 	C:\WINDOWS\System32\WS2_32.dll
0x00007ffbdb010000 - 0x00007ffbdb03d000 	C:\WINDOWS\SYSTEM32\winmmbase.dll
0x00007ffbe1e20000 - 0x00007ffbe1e6a000 	C:\WINDOWS\System32\cfgmgr32.dll
0x00007ffbbf8f0000 - 0x00007ffbbf8ff000 	E:\Android Studio\jre\jre\bin\verify.dll
0x00007ffbbf730000 - 0x00007ffbbf759000 	E:\Android Studio\jre\jre\bin\java.dll
0x00007ffbbf710000 - 0x00007ffbbf726000 	E:\Android Studio\jre\jre\bin\zip.dll
0x00007ffbe2e50000 - 0x00007ffbe3535000 	C:\WINDOWS\System32\SHELL32.dll
0x00007ffbe41a0000 - 0x00007ffbe4249000 	C:\WINDOWS\System32\shcore.dll
0x00007ffbe1620000 - 0x00007ffbe1d9f000 	C:\WINDOWS\System32\windows.storage.dll
0x00007ffbe1330000 - 0x00007ffbe134f000 	C:\WINDOWS\System32\profapi.dll
0x00007ffbe12c0000 - 0x00007ffbe130a000 	C:\WINDOWS\System32\powrprof.dll
0x00007ffbe1290000 - 0x00007ffbe12a0000 	C:\WINDOWS\System32\UMPDC.dll
0x00007ffbe3760000 - 0x00007ffbe37b2000 	C:\WINDOWS\System32\shlwapi.dll
0x00007ffbe12a0000 - 0x00007ffbe12b1000 	C:\WINDOWS\System32\kernel.appcore.dll
0x00007ffbe23c0000 - 0x00007ffbe23d7000 	C:\WINDOWS\System32\cryptsp.dll
0x00007ffbbf6f0000 - 0x00007ffbbf70a000 	E:\Android Studio\jre\jre\bin\net.dll
0x00007ffbd4710000 - 0x00007ffbd48e6000 	C:\WINDOWS\SYSTEM32\urlmon.dll
0x00007ffbd4d20000 - 0x00007ffbd4fc6000 	C:\WINDOWS\SYSTEM32\iertutil.dll
0x00007ffbe0650000 - 0x00007ffbe065c000 	C:\WINDOWS\SYSTEM32\CRYPTBASE.DLL
0x00007ffbe0480000 - 0x00007ffbe04e7000 	C:\WINDOWS\system32\mswsock.dll
0x00007ffbbf6d0000 - 0x00007ffbbf6e3000 	E:\Android Studio\jre\jre\bin\nio.dll
0x00007ffbdc6d0000 - 0x00007ffbdc6f6000 	C:\Users\bless\.gradle\native\30\windows-amd64\native-platform.dll
0x00007ffbbf6c0000 - 0x00007ffbbf6cd000 	E:\Android Studio\jre\jre\bin\management.dll
0x00007ffbdfff0000 - 0x00007ffbe0023000 	C:\WINDOWS\system32\rsaenh.dll
0x00007ffbe23e0000 - 0x00007ffbe2406000 	C:\WINDOWS\System32\bcrypt.dll
0x00007ffbe11b0000 - 0x00007ffbe11d5000 	C:\WINDOWS\SYSTEM32\USERENV.dll
0x00007ffbe0190000 - 0x00007ffbe01ca000 	C:\WINDOWS\SYSTEM32\IPHLPAPI.DLL
0x00007ffbe42f0000 - 0x00007ffbe42f8000 	C:\WINDOWS\System32\NSI.dll
0x00007ffbd8940000 - 0x00007ffbd8956000 	C:\WINDOWS\SYSTEM32\dhcpcsvc6.DLL
0x00007ffbd8b10000 - 0x00007ffbd8b2c000 	C:\WINDOWS\SYSTEM32\dhcpcsvc.DLL
0x00007ffbe01d0000 - 0x00007ffbe029a000 	C:\WINDOWS\SYSTEM32\DNSAPI.dll
0x00007ffbde9b0000 - 0x00007ffbdea3f000 	C:\WINDOWS\system32\apphelp.dll
0x00007ffbe0db0000 - 0x00007ffbe0fa4000 	C:\WINDOWS\SYSTEM32\dbghelp.dll

VM Arguments:
jvm_args: -Xmx1536m -Dfile.encoding=GBK -Duser.country=CN -Duser.language=zh -Duser.variant 
java_command: org.gradle.launcher.daemon.bootstrap.GradleDaemon 5.6.4
java_class_path (initial): C:\Users\bless\.gradle\wrapper\dists\gradle-5.6.4-all\ankdp27end7byghfw1q2sw75f\gradle-5.6.4\lib\gradle-launcher-5.6.4.jar
Launcher Type: SUN_STANDARD

Environment Variables:
JAVA_HOME=E:\Java\JDK
PATH=C:\WINDOWS\system32;C:\WINDOWS;C:\WINDOWS\System32\Wbem;C:\WINDOWS\System32\WindowsPowerShell\v1.0\;C:\WINDOWS\System32\OpenSSH\;E:\Java\JDK\bin;E:\Java\JDK\jre\bin;E:\Android SDK Manager\platform-tools;E:\Android SDK Manager\tools;E:\Git\cmd;F:\Bandizip\;%USERPROFILE%\AppData\Local\Microsoft\WindowsApps;
USERNAME=bless
OS=Windows_NT
PROCESSOR_IDENTIFIER=Intel64 Family 6 Model 142 Stepping 9, GenuineIntel



---------------  S Y S T E M  ---------------

OS: Windows 10.0 , 64 bit Build 18362 (10.0.18362.329)

CPU:total 4 (initial active 4) (2 cores per cpu, 2 threads per core) family 6 model 142 stepping 9, cmov, cx8, fxsr, mmx, sse, sse2, sse3, ssse3, sse4.1, sse4.2, popcnt, avx, avx2, aes, clmul, erms, 3dnowpref, lzcnt, ht, tsc, tscinvbit, bmi1, bmi2, adx

Memory: 4k page, physical 8193548k(3344344k free), swap 11208204k(5681256k free)

vm_info: OpenJDK 64-Bit Server VM (25.212-b04) for windows-amd64 JRE (1.8.0_212-release-1586-b04), built by "builder" with MS VC++ 10.0 (VS2010)

time: Sat Feb 29 02:10:51 2020
timezone: 中国标准时间
elapsed time: 134 seconds (0d 0h 2m 14s)

