#
# A fatal error has been detected by the Java Runtime Environment:
#
#  EXCEPTION_ACCESS_VIOLATION (0xc0000005) at pc=0x000000007059f4e8, pid=7028, tid=0x00000000000004e8
#
# JRE version: OpenJDK Runtime Environment (8.0_212-b04) (build 1.8.0_212-release-1586-b04)
# Java VM: OpenJDK 64-Bit Server VM (25.212-b04 mixed mode windows-amd64 compressed oops)
# Problematic frame:
# V  [jvm.dll+0xef4e8]
#
# Failed to write core dump. Minidumps are not enabled by default on client versions of Windows
#
# If you would like to submit a bug report, please visit:
#   
#

---------------  T H R E A D  ---------------

Current thread (0x00000000030ca800):  GCTaskThread [stack: 0x0000000012c80000,0x0000000012d80000] [id=1256]

siginfo: ExceptionCode=0xc0000005, reading address 0xffffffffffffffff

Registers:
RAX=0x0000000012e80000, RBX=0x0000000020000000, RCX=0x0000000000000000, RDX=0x0000000000000000
RSP=0x0000000012d7f680, RBP=0x00000000a1313800, RSI=0x000000000319b8c0, RDI=0x000000000319b8c0
R8 =0x007fffffffc00000, R9 =0x00000001000089d8, R10=0x000000000000000c, R11=0x0000000070a7ade8
R12=0x00000000a1313808, R13=0x0000000100008e10, R14=0x0000000100008e20, R15=0x00000000a13137e8
RIP=0x000000007059f4e8, EFLAGS=0x0000000000010246

Top of Stack: (sp=0x0000000012d7f680)
0x0000000012d7f680:   00000001000089d8 00000000a131960c
0x0000000012d7f690:   0000000000000002 00000000706a6622
0x0000000012d7f6a0:   0000000000000000 00000000030caa60
0x0000000012d7f6b0:   00000000030be5c0 0000000000000002
0x0000000012d7f6c0:   000000000000095d 0000000070875f60
0x0000000012d7f6d0:   0000000017303b30 0000000000000000
0x0000000012d7f6e0:   000000000319b8c0 0000000070ac7b88
0x0000000012d7f6f0:   00000000a16423e0 0000000070879e58
0x0000000012d7f700:   0000000070c79f30 0000000000000012
0x0000000012d7f710:   0000000000000000 000000007059f379
0x0000000012d7f720:   00000000a0befd54 000000007059f5b6
0x0000000012d7f730:   00000000a16423e0 00000000030be5c0
0x0000000012d7f740:   00000000030caa70 00000000030caa60
0x0000000012d7f750:   0000000070ac7b88 0000000000000002
0x0000000012d7f760:   000000001e1a84b0 0000000000000000
0x0000000012d7f770:   000000000319b8c0 000000007087381f 

Instructions: (pc=0x000000007059f4e8)
0x000000007059f4c8:   05 63 aa 6d 00 49 c1 e8 03 49 d3 e8 41 0f b6 c0
0x000000007059f4d8:   49 c1 e8 06 24 3f 0f b6 d0 48 8b 05 78 aa 6d 00
0x000000007059f4e8:   4a 8b 0c c0 48 0f a3 d1 0f 82 59 01 00 00 0f b6
0x000000007059f4f8:   15 74 09 6d 00 84 d2 74 16 44 8b 43 08 8b 0d 0d 


Register to memory mapping:

RAX=0x0000000012e80000 is an unknown value
RBX=0x0000000020000000 is pointing into metadata
RCX=0x0000000000000000 is an unknown value
RDX=0x0000000000000000 is an unknown value
RSP=0x0000000012d7f680 is an unknown value
RBP=0x00000000a1313800 is pointing into object: 0x00000000a13137e8
java.lang.reflect.Method 
 - klass: 'java/lang/reflect/Method'
RSI=0x000000000319b8c0 is an unknown value
RDI=0x000000000319b8c0 is an unknown value
R8 =0x007fffffffc00000 is an unknown value
R9 =0x00000001000089d8 is pointing into metadata
R10=0x000000000000000c is an unknown value
R11=0x0000000070a7ade8 is an unknown value
R12=0x00000000a1313808 is pointing into object: 0x00000000a13137e8
java.lang.reflect.Method 
 - klass: 'java/lang/reflect/Method'
R13=0x0000000100008e10 is pointing into metadata
R14=0x0000000100008e20 is pointing into metadata
R15=0x00000000a13137e8 is an oop
java.lang.reflect.Method 
 - klass: 'java/lang/reflect/Method'


Stack: [0x0000000012c80000,0x0000000012d80000],  sp=0x0000000012d7f680,  free space=1021k
Native frames: (J=compiled Java code, j=interpreted, Vv=VM code, C=native code)
V  [jvm.dll+0xef4e8]
V  [jvm.dll+0x3c5f60]
V  [jvm.dll+0x3c381f]
V  [jvm.dll+0x3c0a0e]
V  [jvm.dll+0x26f53a]
C  [msvcr100.dll+0x21d9f]
C  [msvcr100.dll+0x21e3b]
C  [KERNEL32.DLL+0x17bd4]
C  [ntdll.dll+0x6ced1]


---------------  P R O C E S S  ---------------

Java Threads: ( => current thread )
  0x0000000020dd5800 JavaThread "Cache worker for Build Output Cleanup Cache (E:\AS Projects\coding2_survey\.gradle\buildOutputCleanup)" [_thread_blocked, id=2456, stack(0x0000000023e10000,0x0000000023f10000)]
  0x0000000020dd1800 JavaThread "Build operations Thread 4" [_thread_blocked, id=3616, stack(0x0000000023b10000,0x0000000023c10000)]
  0x0000000020dd6000 JavaThread "Build operations Thread 3" [_thread_blocked, id=8996, stack(0x0000000023410000,0x0000000023510000)]
  0x0000000020dd4800 JavaThread "Build operations Thread 2" [_thread_blocked, id=10156, stack(0x0000000021d70000,0x0000000021e70000)]
  0x0000000020dd4000 JavaThread "Build operations" [_thread_blocked, id=10148, stack(0x00000000207a0000,0x00000000208a0000)]
  0x0000000020dd2800 JavaThread "Cache worker for cache directory md-rule (C:\Users\bless\.gradle\caches\5.6.4\md-rule)" [_thread_blocked, id=10328, stack(0x00000000201f0000,0x00000000202f0000)]
  0x0000000020dd1000 JavaThread "Cache worker for cache directory md-supplier (C:\Users\bless\.gradle\caches\5.6.4\md-supplier)" [_thread_blocked, id=6568, stack(0x000000001c670000,0x000000001c770000)]
  0x0000000020dc9800 JavaThread "Cache worker for file hash cache (E:\AS Projects\coding2_survey\.gradle\5.6.4\fileHashes)" [_thread_blocked, id=6436, stack(0x000000001bf70000,0x000000001c070000)]
  0x0000000020dca000 JavaThread "Thread-351" [_thread_blocked, id=1484, stack(0x000000001bc70000,0x000000001bd70000)]
  0x0000000020dd0000 JavaThread "Stdin handler" [_thread_blocked, id=12236, stack(0x000000001bb70000,0x000000001bc70000)]
  0x0000000020dce000 JavaThread "Asynchronous log dispatcher for DefaultDaemonConnection: socket connection from /127.0.0.1:50441 to /127.0.0.1:55033" [_thread_blocked, id=5260, stack(0x000000001b870000,0x000000001b970000)]
  0x0000000020dcd000 JavaThread "Daemon worker Thread 14" [_thread_blocked, id=11912, stack(0x000000001b770000,0x000000001b870000)]
  0x0000000020dc8800 JavaThread "Cancel handler" [_thread_blocked, id=5684, stack(0x0000000001390000,0x0000000001490000)]
  0x0000000020dcb800 JavaThread "Handler for socket connection from /127.0.0.1:50441 to /127.0.0.1:55033" [_thread_in_native, id=11208, stack(0x0000000001290000,0x0000000001390000)]
  0x0000000020dce800 JavaThread "Daemon Thread 14" [_thread_blocked, id=11060, stack(0x0000000001190000,0x0000000001290000)]
  0x000000001da36000 JavaThread "Cache worker for Java compile cache (C:\Users\bless\.gradle\caches\5.6.4\javaCompile)" [_thread_blocked, id=7204, stack(0x0000000023f10000,0x0000000024010000)]
  0x000000001da33800 JavaThread "Cache worker for file content cache (C:\Users\bless\.gradle\caches\5.6.4\fileContent)" [_thread_blocked, id=9036, stack(0x0000000023030000,0x0000000023130000)]
  0x000000001da2f800 JavaThread "Memory manager" [_thread_blocked, id=10428, stack(0x00000000222a0000,0x00000000223a0000)]
  0x0000000019e44800 JavaThread "Cache worker for execution history cache (C:\Users\bless\.gradle\caches\5.6.4\executionHistory)" [_thread_blocked, id=4248, stack(0x00000000208a0000,0x00000000209a0000)]
  0x0000000019e40000 JavaThread "Cache worker for journal cache (C:\Users\bless\.gradle\caches\journal-1)" [_thread_blocked, id=7132, stack(0x000000001c470000,0x000000001c570000)]
  0x0000000019e3f800 JavaThread "File lock request listener" [_thread_in_native, id=6348, stack(0x000000001c370000,0x000000001c470000)]
  0x0000000019a00000 JavaThread "Cache worker for file hash cache (C:\Users\bless\.gradle\caches\5.6.4\fileHashes)" [_thread_blocked, id=8188, stack(0x000000001c270000,0x000000001c370000)]
  0x000000001a2ac800 JavaThread "Daemon periodic checks" [_thread_blocked, id=4528, stack(0x000000001b670000,0x000000001b770000)]
  0x000000001a2ac000 JavaThread "Incoming local TCP Connector on port 50441" [_thread_in_native, id=8984, stack(0x000000001b4c0000,0x000000001b5c0000)]
  0x0000000019e4b000 JavaThread "Daemon health stats" [_thread_blocked, id=2760, stack(0x000000001b1a0000,0x000000001b2a0000)]
  0x0000000017f8a800 JavaThread "Service Thread" daemon [_thread_blocked, id=10164, stack(0x0000000018800000,0x0000000018900000)]
  0x0000000017f13800 JavaThread "C1 CompilerThread2" daemon [_thread_blocked, id=3384, stack(0x0000000018700000,0x0000000018800000)]
  0x0000000016b7b000 JavaThread "C2 CompilerThread1" daemon [_thread_blocked, id=8924, stack(0x0000000018600000,0x0000000018700000)]
  0x0000000016b2b800 JavaThread "C2 CompilerThread0" daemon [_thread_blocked, id=6488, stack(0x0000000018500000,0x0000000018600000)]
  0x0000000016b79000 JavaThread "Attach Listener" daemon [_thread_blocked, id=9296, stack(0x0000000018400000,0x0000000018500000)]
  0x0000000017f08800 JavaThread "Signal Dispatcher" daemon [_thread_blocked, id=10620, stack(0x0000000018300000,0x0000000018400000)]
  0x00000000031a9800 JavaThread "Finalizer" daemon [_thread_blocked, id=5552, stack(0x0000000017da0000,0x0000000017ea0000)]
  0x00000000031a1000 JavaThread "Reference Handler" daemon [_thread_blocked, id=2840, stack(0x0000000017ca0000,0x0000000017da0000)]
  0x00000000030ad800 JavaThread "main" [_thread_blocked, id=9464, stack(0x0000000002f70000,0x0000000003070000)]

Other Threads:
  0x0000000016ae6800 VMThread [stack: 0x0000000017ba0000,0x0000000017ca0000] [id=3712]
  0x0000000017f8b000 WatcherThread [stack: 0x0000000018900000,0x0000000018a00000] [id=4552]

=>0x00000000030ca800 (exited) GCTaskThread [stack: 0x0000000012c80000,0x0000000012d80000] [id=1256]

VM state:at safepoint (normal execution)

VM Mutex/Monitor currently owned by a thread:  ([mutex/lock_event])
[0x00000000030ace50] Threads_lock - owner thread: 0x0000000016ae6800
[0x00000000030ac3d0] Heap_lock - owner thread: 0x0000000020dcd000

heap address: 0x00000000a0000000, size: 1536 MB, Compressed Oops mode: 32-bit
Narrow klass base: 0x0000000000000000, Narrow klass shift: 3
Compressed class space size: 1073741824 Address: 0x0000000100000000

Heap:
 PSYoungGen      total 164352K, used 10747K [0x00000000e0000000, 0x00000000ede00000, 0x0000000100000000)
  eden space 123392K, 0% used [0x00000000e0000000,0x00000000e0000000,0x00000000e7880000)
  from space 40960K, 26% used [0x00000000e7880000,0x00000000e82fed00,0x00000000ea080000)
  to   space 40448K, 0% used [0x00000000eb680000,0x00000000eb680000,0x00000000ede00000)
 ParOldGen       total 156160K, used 81627K [0x00000000a0000000, 0x00000000a9880000, 0x00000000e0000000)
  object space 156160K, 52% used [0x00000000a0000000,0x00000000a4fb6dc0,0x00000000a9880000)
 Metaspace       used 92374K, capacity 98553K, committed 98600K, reserved 1134592K
  class space    used 12096K, capacity 13149K, committed 13184K, reserved 1048576K

Card table byte_map: [0x0000000012570000,0x0000000012880000] byte_map_base: 0x0000000012070000

Marking Bits: (ParMarkBitMap*) 0x0000000070c79f30
 Begin Bits: [0x0000000012e80000, 0x0000000014680000)
 End Bits:   [0x0000000014680000, 0x0000000015e80000)

Polling page: 0x0000000000f70000

CodeCache: size=245760Kb used=56322Kb max_used=56711Kb free=189437Kb
 bounds [0x00000000031b0000, 0x0000000006980000, 0x00000000121b0000]
 total_blobs=17424 nmethods=16551 adapters=783
 compilation: enabled

Compilation events (10 events):
Event: 9468.374 Thread 0x0000000017f13800 21466       3       org.codehaus.groovy.reflection.CachedClass$1::initValue (53 bytes)
Event: 9468.374 Thread 0x0000000017f13800 nmethod 21466 0x0000000004b8c3d0 code [0x0000000004b8c5a0, 0x0000000004b8cec8]
Event: 9468.374 Thread 0x0000000017f13800 21467       3       groovy.lang.MetaClassImpl::filterPropertyMethod (305 bytes)
Event: 9468.376 Thread 0x0000000017f13800 nmethod 21467 0x00000000062b2910 code [0x00000000062b2c00, 0x00000000062b46a8]
Event: 9468.376 Thread 0x0000000017f13800 21468       3       java.lang.reflect.WeakCache$LookupValue::equals (34 bytes)
Event: 9468.376 Thread 0x0000000017f13800 nmethod 21468 0x0000000004a22e90 code [0x0000000004a23020, 0x0000000004a23528]
Event: 9468.461 Thread 0x0000000017f13800 21469       3       groovy.lang.MetaClassImpl::applyStrayPropertyMethods (293 bytes)
Event: 9468.464 Thread 0x0000000017f13800 nmethod 21469 0x0000000003e4e910 code [0x0000000003e4eda0, 0x0000000003e52018]
Event: 9468.467 Thread 0x0000000017f13800 21470       1       groovy.lang.GroovySystem::getMetaClassRegistry (4 bytes)
Event: 9468.467 Thread 0x0000000017f13800 nmethod 21470 0x0000000004c1c910 code [0x0000000004c1ca60, 0x0000000004c1cb50]

GC Heap History (10 events):
Event: 5300.896 GC heap after
Heap after GC invocations=32 (full 3):
 PSYoungGen      total 161792K, used 31749K [0x00000000e0000000, 0x00000000ed580000, 0x0000000100000000)
  eden space 129536K, 0% used [0x00000000e0000000,0x00000000e0000000,0x00000000e7e80000)
  from space 32256K, 98% used [0x00000000e8180000,0x00000000ea0817a8,0x00000000ea100000)
  to   space 44544K, 0% used [0x00000000eaa00000,0x00000000eaa00000,0x00000000ed580000)
 ParOldGen       total 156160K, used 81379K [0x00000000a0000000, 0x00000000a9880000, 0x00000000e0000000)
  object space 156160K, 52% used [0x00000000a0000000,0x00000000a4f78db0,0x00000000a9880000)
 Metaspace       used 89208K, capacity 94043K, committed 94208K, reserved 1130496K
  class space    used 11581K, capacity 12443K, committed 12544K, reserved 1048576K
}
Event: 5668.518 GC heap before
{Heap before GC invocations=33 (full 3):
 PSYoungGen      total 161792K, used 161285K [0x00000000e0000000, 0x00000000ed580000, 0x0000000100000000)
  eden space 129536K, 100% used [0x00000000e0000000,0x00000000e7e80000,0x00000000e7e80000)
  from space 32256K, 98% used [0x00000000e8180000,0x00000000ea0817a8,0x00000000ea100000)
  to   space 44544K, 0% used [0x00000000eaa00000,0x00000000eaa00000,0x00000000ed580000)
 ParOldGen       total 156160K, used 81379K [0x00000000a0000000, 0x00000000a9880000, 0x00000000e0000000)
  object space 156160K, 52% used [0x00000000a0000000,0x00000000a4f78db0,0x00000000a9880000)
 Metaspace       used 89326K, capacity 94079K, committed 94208K, reserved 1130496K
  class space    used 11585K, capacity 12449K, committed 12544K, reserved 1048576K
Event: 5668.545 GC heap after
Heap after GC invocations=33 (full 3):
 PSYoungGen      total 165888K, used 16100K [0x00000000e0000000, 0x00000000ed080000, 0x0000000100000000)
  eden space 126464K, 0% used [0x00000000e0000000,0x00000000e0000000,0x00000000e7b80000)
  from space 39424K, 40% used [0x00000000eaa00000,0x00000000eb9b9278,0x00000000ed080000)
  to   space 43520K, 0% used [0x00000000e7b80000,0x00000000e7b80000,0x00000000ea600000)
 ParOldGen       total 156160K, used 81387K [0x00000000a0000000, 0x00000000a9880000, 0x00000000e0000000)
  object space 156160K, 52% used [0x00000000a0000000,0x00000000a4f7adb0,0x00000000a9880000)
 Metaspace       used 89326K, capacity 94079K, committed 94208K, reserved 1130496K
  class space    used 11585K, capacity 12449K, committed 12544K, reserved 1048576K
}
Event: 5669.283 GC heap before
{Heap before GC invocations=34 (full 3):
 PSYoungGen      total 165888K, used 142564K [0x00000000e0000000, 0x00000000ed080000, 0x0000000100000000)
  eden space 126464K, 100% used [0x00000000e0000000,0x00000000e7b80000,0x00000000e7b80000)
  from space 39424K, 40% used [0x00000000eaa00000,0x00000000eb9b9278,0x00000000ed080000)
  to   space 43520K, 0% used [0x00000000e7b80000,0x00000000e7b80000,0x00000000ea600000)
 ParOldGen       total 156160K, used 81387K [0x00000000a0000000, 0x00000000a9880000, 0x00000000e0000000)
  object space 156160K, 52% used [0x00000000a0000000,0x00000000a4f7adb0,0x00000000a9880000)
 Metaspace       used 89388K, capacity 94207K, committed 94464K, reserved 1130496K
  class space    used 11585K, capacity 12449K, committed 12544K, reserved 1048576K
Event: 5669.301 GC heap after
Heap after GC invocations=34 (full 3):
 PSYoungGen      total 169984K, used 13731K [0x00000000e0000000, 0x00000000ed580000, 0x0000000100000000)
  eden space 126464K, 0% used [0x00000000e0000000,0x00000000e0000000,0x00000000e7b80000)
  from space 43520K, 31% used [0x00000000e7b80000,0x00000000e88e8d98,0x00000000ea600000)
  to   space 42496K, 0% used [0x00000000eac00000,0x00000000eac00000,0x00000000ed580000)
 ParOldGen       total 156160K, used 81395K [0x00000000a0000000, 0x00000000a9880000, 0x00000000e0000000)
  object space 156160K, 52% used [0x00000000a0000000,0x00000000a4f7cdb0,0x00000000a9880000)
 Metaspace       used 89388K, capacity 94207K, committed 94464K, reserved 1130496K
  class space    used 11585K, capacity 12449K, committed 12544K, reserved 1048576K
}
Event: 9468.392 GC heap before
{Heap before GC invocations=35 (full 3):
 PSYoungGen      total 169984K, used 140195K [0x00000000e0000000, 0x00000000ed580000, 0x0000000100000000)
  eden space 126464K, 100% used [0x00000000e0000000,0x00000000e7b80000,0x00000000e7b80000)
  from space 43520K, 31% used [0x00000000e7b80000,0x00000000e88e8d98,0x00000000ea600000)
  to   space 42496K, 0% used [0x00000000eac00000,0x00000000eac00000,0x00000000ed580000)
 ParOldGen       total 156160K, used 81395K [0x00000000a0000000, 0x00000000a9880000, 0x00000000e0000000)
  object space 156160K, 52% used [0x00000000a0000000,0x00000000a4f7cdb0,0x00000000a9880000)
 Metaspace       used 92338K, capacity 98553K, committed 98600K, reserved 1134592K
  class space    used 12094K, capacity 13149K, committed 13184K, reserved 1048576K
Event: 9468.450 GC heap after
Heap after GC invocations=35 (full 3):
 PSYoungGen      total 152576K, used 15490K [0x00000000e0000000, 0x00000000ec880000, 0x0000000100000000)
  eden space 123392K, 0% used [0x00000000e0000000,0x00000000e0000000,0x00000000e7880000)
  from space 29184K, 53% used [0x00000000eac00000,0x00000000ebb20ba8,0x00000000ec880000)
  to   space 40960K, 0% used [0x00000000e7880000,0x00000000e7880000,0x00000000ea080000)
 ParOldGen       total 156160K, used 81403K [0x00000000a0000000, 0x00000000a9880000, 0x00000000e0000000)
  object space 156160K, 52% used [0x00000000a0000000,0x00000000a4f7edb0,0x00000000a9880000)
 Metaspace       used 92338K, capacity 98553K, committed 98600K, reserved 1134592K
  class space    used 12094K, capacity 13149K, committed 13184K, reserved 1048576K
}
Event: 9468.469 GC heap before
{Heap before GC invocations=36 (full 3):
 PSYoungGen      total 152576K, used 17265K [0x00000000e0000000, 0x00000000ec880000, 0x0000000100000000)
  eden space 123392K, 1% used [0x00000000e0000000,0x00000000e01bba10,0x00000000e7880000)
  from space 29184K, 53% used [0x00000000eac00000,0x00000000ebb20ba8,0x00000000ec880000)
  to   space 40960K, 0% used [0x00000000e7880000,0x00000000e7880000,0x00000000ea080000)
 ParOldGen       total 156160K, used 81403K [0x00000000a0000000, 0x00000000a9880000, 0x00000000e0000000)
  object space 156160K, 52% used [0x00000000a0000000,0x00000000a4f7edb0,0x00000000a9880000)
 Metaspace       used 92374K, capacity 98553K, committed 98600K, reserved 1134592K
  class space    used 12096K, capacity 13149K, committed 13184K, reserved 1048576K
Event: 9468.489 GC heap after
Heap after GC invocations=36 (full 3):
 PSYoungGen      total 164352K, used 10747K [0x00000000e0000000, 0x00000000ede00000, 0x0000000100000000)
  eden space 123392K, 0% used [0x00000000e0000000,0x00000000e0000000,0x00000000e7880000)
  from space 40960K, 26% used [0x00000000e7880000,0x00000000e82fed00,0x00000000ea080000)
  to   space 40448K, 0% used [0x00000000eb680000,0x00000000eb680000,0x00000000ede00000)
 ParOldGen       total 156160K, used 81627K [0x00000000a0000000, 0x00000000a9880000, 0x00000000e0000000)
  object space 156160K, 52% used [0x00000000a0000000,0x00000000a4fb6dc0,0x00000000a9880000)
 Metaspace       used 92374K, capacity 98553K, committed 98600K, reserved 1134592K
  class space    used 12096K, capacity 13149K, committed 13184K, reserved 1048576K
}
Event: 9468.489 GC heap before
{Heap before GC invocations=37 (full 4):
 PSYoungGen      total 164352K, used 10747K [0x00000000e0000000, 0x00000000ede00000, 0x0000000100000000)
  eden space 123392K, 0% used [0x00000000e0000000,0x00000000e0000000,0x00000000e7880000)
  from space 40960K, 26% used [0x00000000e7880000,0x00000000e82fed00,0x00000000ea080000)
  to   space 40448K, 0% used [0x00000000eb680000,0x00000000eb680000,0x00000000ede00000)
 ParOldGen       total 156160K, used 81627K [0x00000000a0000000, 0x00000000a9880000, 0x00000000e0000000)
  object space 156160K, 52% used [0x00000000a0000000,0x00000000a4fb6dc0,0x00000000a9880000)
 Metaspace       used 92374K, capacity 98553K, committed 98600K, reserved 1134592K
  class space    used 12096K, capacity 13149K, committed 13184K, reserved 1048576K

Deoptimization events (10 events):
Event: 9468.040 Thread 0x0000000020dcd000 Uncommon trap: reason=array_check action=maybe_recompile pc=0x00000000062898d4 method=java.util.ComparableTimSort.mergeLo(IIII)V @ 371
Event: 9468.040 Thread 0x0000000020dcd000 Uncommon trap: reason=class_check action=maybe_recompile pc=0x0000000004759f24 method=java.util.ComparableTimSort.mergeHi(IIII)V @ 214
Event: 9468.047 Thread 0x0000000020dcd000 Uncommon trap: reason=class_check action=maybe_recompile pc=0x0000000004759f24 method=java.util.ComparableTimSort.mergeHi(IIII)V @ 214
Event: 9468.052 Thread 0x0000000020dcd000 Uncommon trap: reason=unstable_if action=reinterpret pc=0x0000000004c68cac method=groovy.lang.MetaClassImpl.filterPropertyMethod(Ljava/lang/Object;ZZ)Ljava/lang/Object; @ 187
Event: 9468.084 Thread 0x0000000020dcd000 Uncommon trap: reason=unstable_if action=reinterpret pc=0x0000000005800310 method=java.lang.ref.SoftReference.get()Ljava/lang/Object; @ 6
Event: 9468.107 Thread 0x0000000020dcd000 Uncommon trap: reason=bimorphic action=maybe_recompile pc=0x00000000059aabe8 method=com.google.common.cache.LocalCache$Segment.lockedGetOrLoad(Ljava/lang/Object;ILcom/google/common/cache/CacheLoader;)Ljava/lang/Object; @ 326
Event: 9468.107 Thread 0x0000000020dcd000 Uncommon trap: reason=bimorphic action=maybe_recompile pc=0x00000000059d648c method=com.google.common.cache.LocalCache$Segment.storeLoadedValue(Ljava/lang/Object;ILcom/google/common/cache/LocalCache$LoadingValueReference;Ljava/lang/Object;)Z @ 91
Event: 9468.201 Thread 0x0000000020dcd000 Uncommon trap: reason=unstable_if action=reinterpret pc=0x00000000041536c4 method=org.objectweb.asm.AnnotationWriter.computeAnnotationsSize(Lorg/objectweb/asm/AnnotationWriter;Lorg/objectweb/asm/AnnotationWriter;Lorg/objectweb/asm/AnnotationWriter;Lorg/ob
Event: 9468.344 Thread 0x0000000020dcd000 Uncommon trap: reason=class_check action=maybe_recompile pc=0x0000000003818280 method=java.lang.Throwable.<init>(Ljava/lang/String;Ljava/lang/Throwable;)V @ 24
Event: 9468.451 Thread 0x0000000020dcd000 Uncommon trap: reason=bimorphic action=maybe_recompile pc=0x00000000039f79f8 method=java.util.WeakHashMap.eq(Ljava/lang/Object;Ljava/lang/Object;)Z @ 7

Classes redefined (0 events):
No events

Internal exceptions (10 events):
Event: 9468.364 Thread 0x0000000020dcd000 Exception <a 'java/lang/ClassNotFoundException': org/gradle/plugins/ide/idea/model/IdeaModule_DecoratedBeanInfo> (0x00000000e76e0aa8) thrown at [D:\src\AOSP-openjdk-cygwin\jdk8u\hotspot\src\share\vm\classfile\systemDictionary.cpp, line 210]
Event: 9468.365 Thread 0x0000000020dcd000 Exception <a 'java/lang/ClassNotFoundException': org/gradle/plugins/ide/idea/model/IdeaModuleBeanInfo> (0x00000000e7709af0) thrown at [D:\src\AOSP-openjdk-cygwin\jdk8u\hotspot\src\share\vm\classfile\systemDictionary.cpp, line 210]
Event: 9468.366 Thread 0x0000000020dcd000 Exception <a 'java/lang/ClassNotFoundException': org/gradle/plugins/ide/idea/model/IdeaModuleCustomizer> (0x00000000e7733640) thrown at [D:\src\AOSP-openjdk-cygwin\jdk8u\hotspot\src\share\vm\classfile\systemDictionary.cpp, line 210]
Event: 9468.370 Thread 0x0000000020dcd000 Exception <a 'java/lang/ClassNotFoundException': org/gradle/plugins/ide/idea/model/IdeaModule_DecoratedCustomizer> (0x00000000e77dad10) thrown at [D:\src\AOSP-openjdk-cygwin\jdk8u\hotspot\src\share\vm\classfile\systemDictionary.cpp, line 210]
Event: 9468.389 Thread 0x0000000020dcd000 Exception <a 'java/lang/ClassNotFoundException': org/gradle/api/internal/artifacts/configurations/DefaultConfigurationContainer_DecoratedBeanInfo> (0x00000000e7b15ff8) thrown at [D:\src\AOSP-openjdk-cygwin\jdk8u\hotspot\src\share\vm\classfile\systemDictio
Event: 9468.390 Thread 0x0000000020dcd000 Exception <a 'java/lang/ClassNotFoundException': org/gradle/api/internal/artifacts/configurations/DefaultConfigurationContainerBeanInfo> (0x00000000e7b50a60) thrown at [D:\src\AOSP-openjdk-cygwin\jdk8u\hotspot\src\share\vm\classfile\systemDictionary.cpp, 
Event: 9468.391 Thread 0x0000000020dcd000 Exception <a 'java/lang/ClassNotFoundException': org/gradle/api/internal/AbstractValidatingNamedDomainObjectContainerBeanInfo> (0x00000000e7b6eae0) thrown at [D:\src\AOSP-openjdk-cygwin\jdk8u\hotspot\src\share\vm\classfile\systemDictionary.cpp, line 210]
Event: 9468.451 Thread 0x0000000020dcd000 Exception <a 'java/lang/ClassNotFoundException': org/gradle/api/internal/AbstractValidatingNamedDomainObjectContainerCustomizer> (0x00000000e0019028) thrown at [D:\src\AOSP-openjdk-cygwin\jdk8u\hotspot\src\share\vm\classfile\systemDictionary.cpp, line 210
Event: 9468.458 Thread 0x0000000020dcd000 Exception <a 'java/lang/ClassNotFoundException': org/gradle/api/internal/artifacts/configurations/DefaultConfigurationContainerCustomizer> (0x00000000e0062338) thrown at [D:\src\AOSP-openjdk-cygwin\jdk8u\hotspot\src\share\vm\classfile\systemDictionary.cpp
Event: 9468.459 Thread 0x0000000020dcd000 Exception <a 'java/lang/ClassNotFoundException': org/gradle/api/internal/artifacts/configurations/DefaultConfigurationContainer_DecoratedCustomizer> (0x00000000e00bb6b8) thrown at [D:\src\AOSP-openjdk-cygwin\jdk8u\hotspot\src\share\vm\classfile\systemDict

Events (10 events):
Event: 9468.466 Thread 0x0000000017f13800 flushing nmethod 0x00000000033fc890
Event: 9468.466 loading class groovy/runtime/metaclass/org/jetbrains/plugins/gradle/tooling/builder/ProjectExtensionsDataBuilderImpl$_buildAll_closure2MetaClass
Event: 9468.466 loading class groovy/runtime/metaclass/org/jetbrains/plugins/gradle/tooling/builder/ProjectExtensionsDataBuilderImpl$_buildAll_closure2MetaClass done
Event: 9468.467 loading class org/gradle/api/reflect/HasPublicType
Event: 9468.467 loading class org/gradle/api/reflect/HasPublicType done
Event: 9468.467 loading class groovy/runtime/metaclass/java/lang/IntegerMetaClass
Event: 9468.467 loading class groovy/runtime/metaclass/java/lang/IntegerMetaClass done
Event: 9468.467 loading class org/codehaus/groovy/runtime/typehandling/NumberMathModificationInfo
Event: 9468.467 loading class org/codehaus/groovy/runtime/typehandling/NumberMathModificationInfo done
Event: 9468.469 Executing VM operation: CollectForMetadataAllocation


Dynamic libraries:
0x00007ff7b9030000 - 0x00007ff7b9061000 	E:\Android Studio\jre\bin\java.exe
0x00007ff9ab360000 - 0x00007ff9ab550000 	C:\WINDOWS\SYSTEM32\ntdll.dll
0x00007ff9aa960000 - 0x00007ff9aaa12000 	C:\WINDOWS\System32\KERNEL32.DLL
0x00007ff9a8680000 - 0x00007ff9a8923000 	C:\WINDOWS\System32\KERNELBASE.dll
0x00007ff9ab270000 - 0x00007ff9ab313000 	C:\WINDOWS\System32\ADVAPI32.dll
0x00007ff9a9bf0000 - 0x00007ff9a9c8e000 	C:\WINDOWS\System32\msvcrt.dll
0x00007ff9a98d0000 - 0x00007ff9a9967000 	C:\WINDOWS\System32\sechost.dll
0x00007ff9a9610000 - 0x00007ff9a9730000 	C:\WINDOWS\System32\RPCRT4.dll
0x00007ff9aaa60000 - 0x00007ff9aabf4000 	C:\WINDOWS\System32\USER32.dll
0x00007ff9a8930000 - 0x00007ff9a8951000 	C:\WINDOWS\System32\win32u.dll
0x00007ff9aaa30000 - 0x00007ff9aaa56000 	C:\WINDOWS\System32\GDI32.dll
0x00007ff9a8960000 - 0x00007ff9a8af4000 	C:\WINDOWS\System32\gdi32full.dll
0x00007ff9a8470000 - 0x00007ff9a850e000 	C:\WINDOWS\System32\msvcp_win.dll
0x00007ff9a9360000 - 0x00007ff9a945a000 	C:\WINDOWS\System32\ucrtbase.dll
0x00007ff99cf30000 - 0x00007ff99d1b5000 	C:\WINDOWS\WinSxS\amd64_microsoft.windows.common-controls_6595b64144ccf1df_6.0.18362.693_none_e6c1b3c11311d480\COMCTL32.dll
0x00007ff9a9cf0000 - 0x00007ff9aa026000 	C:\WINDOWS\System32\combase.dll
0x00007ff9a92e0000 - 0x00007ff9a9360000 	C:\WINDOWS\System32\bcryptPrimitives.dll
0x00007ff9a9af0000 - 0x00007ff9a9b1e000 	C:\WINDOWS\System32\IMM32.DLL
0x00000000702f0000 - 0x00000000703c2000 	E:\Android Studio\jre\jre\bin\msvcr100.dll
0x00000000704b0000 - 0x0000000070cf6000 	E:\Android Studio\jre\jre\bin\server\jvm.dll
0x00007ff9aaa20000 - 0x00007ff9aaa28000 	C:\WINDOWS\System32\PSAPI.DLL
0x00007ff9a3da0000 - 0x00007ff9a3da9000 	C:\WINDOWS\SYSTEM32\WSOCK32.dll
0x00007ff99f3b0000 - 0x00007ff99f3d4000 	C:\WINDOWS\SYSTEM32\WINMM.dll
0x00007ff9a9790000 - 0x00007ff9a97ff000 	C:\WINDOWS\System32\WS2_32.dll
0x00007ff99d250000 - 0x00007ff99d25a000 	C:\WINDOWS\SYSTEM32\VERSION.dll
0x00007ff99f380000 - 0x00007ff99f3ad000 	C:\WINDOWS\SYSTEM32\WINMMBASE.dll
0x00007ff9a8370000 - 0x00007ff9a83ba000 	C:\WINDOWS\System32\cfgmgr32.dll
0x00007ff9a3770000 - 0x00007ff9a377f000 	E:\Android Studio\jre\jre\bin\verify.dll
0x00007ff9a36d0000 - 0x00007ff9a36f9000 	E:\Android Studio\jre\jre\bin\java.dll
0x00007ff9a36a0000 - 0x00007ff9a36b6000 	E:\Android Studio\jre\jre\bin\zip.dll
0x00007ff9aa270000 - 0x00007ff9aa956000 	C:\WINDOWS\System32\SHELL32.dll
0x00007ff9a9490000 - 0x00007ff9a9539000 	C:\WINDOWS\System32\shcore.dll
0x00007ff9a8b60000 - 0x00007ff9a92e0000 	C:\WINDOWS\System32\windows.storage.dll
0x00007ff9a8310000 - 0x00007ff9a8339000 	C:\WINDOWS\System32\Wldp.dll
0x00007ff9a8510000 - 0x00007ff9a8659000 	C:\WINDOWS\System32\CRYPT32.dll
0x00007ff9a82f0000 - 0x00007ff9a8302000 	C:\WINDOWS\System32\MSASN1.dll
0x00007ff9a8b00000 - 0x00007ff9a8b5c000 	C:\WINDOWS\System32\WINTRUST.dll
0x00007ff9a8340000 - 0x00007ff9a8363000 	C:\WINDOWS\System32\profapi.dll
0x00007ff9a82a0000 - 0x00007ff9a82ea000 	C:\WINDOWS\System32\powrprof.dll
0x00007ff9a8270000 - 0x00007ff9a8280000 	C:\WINDOWS\System32\UMPDC.dll
0x00007ff9a9540000 - 0x00007ff9a9592000 	C:\WINDOWS\System32\shlwapi.dll
0x00007ff9a8280000 - 0x00007ff9a8291000 	C:\WINDOWS\System32\kernel.appcore.dll
0x00007ff9a8660000 - 0x00007ff9a8677000 	C:\WINDOWS\System32\cryptsp.dll
0x00007ff9a2060000 - 0x00007ff9a207a000 	E:\Android Studio\jre\jre\bin\net.dll
0x00007ff99a740000 - 0x00007ff99a915000 	C:\WINDOWS\SYSTEM32\urlmon.dll
0x00007ff99b490000 - 0x00007ff99b736000 	C:\WINDOWS\SYSTEM32\iertutil.dll
0x00007ff9a7ce0000 - 0x00007ff9a7cec000 	C:\WINDOWS\SYSTEM32\CRYPTBASE.DLL
0x00007ff9a7b10000 - 0x00007ff9a7b77000 	C:\WINDOWS\system32\mswsock.dll
0x00007ff9a2040000 - 0x00007ff9a2053000 	E:\Android Studio\jre\jre\bin\nio.dll
0x00007ff98c750000 - 0x00007ff98c776000 	C:\Users\bless\.gradle\native\30\windows-amd64\native-platform.dll
0x00007ff9a2030000 - 0x00007ff9a203d000 	E:\Android Studio\jre\jre\bin\management.dll
0x00007ff9a7680000 - 0x00007ff9a76b3000 	C:\WINDOWS\system32\rsaenh.dll
0x00007ff9a9460000 - 0x00007ff9a9486000 	C:\WINDOWS\System32\bcrypt.dll
0x00007ff9a8190000 - 0x00007ff9a81b5000 	C:\WINDOWS\SYSTEM32\USERENV.dll
0x00007ff9a7820000 - 0x00007ff9a785a000 	C:\WINDOWS\SYSTEM32\IPHLPAPI.DLL
0x00007ff9aa260000 - 0x00007ff9aa268000 	C:\WINDOWS\System32\NSI.dll
0x00007ff9a0e00000 - 0x00007ff9a0e16000 	C:\WINDOWS\SYSTEM32\dhcpcsvc6.DLL
0x00007ff9a1720000 - 0x00007ff9a173c000 	C:\WINDOWS\SYSTEM32\dhcpcsvc.DLL
0x00007ff9a7860000 - 0x00007ff9a792a000 	C:\WINDOWS\SYSTEM32\DNSAPI.dll
0x00007ff9a5fe0000 - 0x00007ff9a606f000 	C:\WINDOWS\system32\apphelp.dll
0x00007ff9a6b50000 - 0x00007ff9a6d44000 	C:\WINDOWS\SYSTEM32\dbghelp.dll

VM Arguments:
jvm_args: -Xmx1536m -Dfile.encoding=GBK -Duser.country=CN -Duser.language=zh -Duser.variant 
java_command: org.gradle.launcher.daemon.bootstrap.GradleDaemon 5.6.4
java_class_path (initial): C:\Users\bless\.gradle\wrapper\dists\gradle-5.6.4-all\ankdp27end7byghfw1q2sw75f\gradle-5.6.4\lib\gradle-launcher-5.6.4.jar
Launcher Type: SUN_STANDARD

Environment Variables:
JAVA_HOME=E:\Java\JDK
PATH=C:\Program Files (x86)\Intel\Intel(R) Management Engine Components\iCLS\;C:\Program Files\Intel\Intel(R) Management Engine Components\iCLS\;C:\WINDOWS\system32;C:\WINDOWS;C:\WINDOWS\System32\Wbem;C:\WINDOWS\System32\WindowsPowerShell\v1.0\;C:\WINDOWS\System32\OpenSSH\;E:\Java\JDK\bin;E:\Java\JDK\jre\bin;E:\Android SDK Manager\platform-tools;E:\Android SDK Manager\tools;E:\Git\cmd;C:\Program Files (x86)\Intel\Intel(R) Management Engine Components\DAL;C:\Program Files\Intel\Intel(R) Management Engine Components\DAL;C:\Program Files (x86)\Intel\Intel(R) Management Engine Components\IPT;C:\Program Files\Intel\Intel(R) Management Engine Components\IPT;F:\Bandizip\;%USERPROFILE%\AppData\Local\Microsoft\WindowsApps;
USERNAME=bless
OS=Windows_NT
PROCESSOR_IDENTIFIER=Intel64 Family 6 Model 142 Stepping 9, GenuineIntel



---------------  S Y S T E M  ---------------

OS: Windows 10.0 , 64 bit Build 18362 (10.0.18362.329)

CPU:total 4 (initial active 4) (2 cores per cpu, 2 threads per core) family 6 model 142 stepping 9, cmov, cx8, fxsr, mmx, sse, sse2, sse3, ssse3, sse4.1, sse4.2, popcnt, avx, avx2, aes, clmul, erms, 3dnowpref, lzcnt, ht, tsc, tscinvbit, bmi1, bmi2, adx

Memory: 4k page, physical 8193548k(3247380k free), swap 12125708k(5641468k free)

vm_info: OpenJDK 64-Bit Server VM (25.212-b04) for windows-amd64 JRE (1.8.0_212-release-1586-b04), built by "builder" with MS VC++ 10.0 (VS2010)

time: Mon Mar 02 03:07:45 2020
timezone: 中国标准时间
elapsed time: 9468 seconds (0d 2h 37m 48s)

